2025-11-23T12:00:01 file=module1.py:10 resp=52.3 msg='OK'
2025-11-23T12:00:02 file=module1.py:11 resp=49.7 msg='OK'
2025-11-23T12:00:03 file=module2.py:12 resp=50.2 msg='OK'
2025-11-23T12:00:04 file=module1.py:13 resp=48.9 msg='OK'
2025-11-23T12:00:05 file=module1.py:14 resp=55.1 msg='OK'
2025-11-23T12:00:06 file=module1.py:15 resp=53.6 msg='OK'
2025-11-23T12:00:07 file=module2.py:16 resp=57.2 msg='OK'
2025-11-23T12:00:08 file=module2.py:17 resp=59.1 msg='OK'
2025-11-23T12:00:09 file=module1.py:18 resp=50.7 msg='OK'
2025-11-23T12:00:10 file=module2.py:19 resp=52.4 msg='OK'
2025-11-23T12:00:11 file=module1.py:20 resp=49.1 msg='OK'
2025-11-23T12:00:12 file=module2.py:21 resp=51.5 msg='OK'
2025-11-23T12:00:13 file=module1.py:22 resp=48.5 msg='OK'
2025-11-23T12:00:14 file=module2.py:23 resp=55.8 msg='OK'
2025-11-23T12:00:15 file=module1.py:24 resp=58.1 msg='OK'
2025-11-23T12:00:16 file=module2.py:25 resp=56.7 msg='OK'
2025-11-23T12:00:17 file=module1.py:26 resp=50.9 msg='OK'
2025-11-23T12:00:18 file=module2.py:27 resp=53.2 msg='OK'
2025-11-23T12:00:19 file=module1.py:28 resp=52.8 msg='OK'
2025-11-23T12:00:20 file=module2.py:29 resp=49.4 msg='OK'

# medium anomalies
2025-11-23T12:00:21 file=module1.py:30 resp=85.2 msg='SLOW'
2025-11-23T12:00:22 file=module1.py:31 resp=92.1 msg='SLOW'
2025-11-23T12:00:23 file=module2.py:32 resp=110.4 msg='SLOW'
2025-11-23T12:00:24 file=module1.py:33 resp=95.6 msg='SLOW'
# Normal
2025-11-24T12:10:06 file=moduleA.py:106 resp=51.2 msg='OK'
2025-11-24T12:10:07 file=moduleB.py:107 resp=52.9 msg='OK'
2025-11-24T12:10:08 file=moduleC.py:108 resp=50.1 msg='OK'

# Medium anomalies
2025-11-24T12:10:09 file=moduleA.py:109 resp=88.5 msg='SLOW RESPONSE'
2025-11-24T12:10:10 file=moduleB.py:110 resp=95.2 msg='HIGH LATENCY'
2025-11-24T12:10:11 file=moduleC.py:111 resp=102.4 msg='DELAY DETECTED'

# Normal
2025-11-24T12:10:12 file=moduleA.py:112 resp=53.1 msg='OK'
2025-11-24T12:10:13 file=moduleB.py:113 resp=54.7 msg='OK'

# Critical spike
2025-11-24T12:10:14 file=moduleC.py:114 resp=950.7 msg='TIMEOUT'
2025-11-24T12:10:15 file=moduleA.py:115 resp=870.2 msg='SERVICE FAILURE'

# Back to normal
2025-11-24T12:10:16 file=moduleB.py:116 resp=51.5 msg='OK'
2025-11-24T12:10:17 file=moduleC.py:117 resp=52.3 msg='OK'

# Medium anomaly repeated
2025-11-24T12:10:18 file=moduleA.py:118 resp=99.3 msg='SLOW QUERY'
2025-11-24T12:10:19 file=moduleB.py:119 resp=105.6 msg='HIGH RESPONSE TIME'

# Normal
2025-11-24T12:10:20 file=moduleC.py:120 resp=50.7 msg='OK'
2025-11-24T12:10:21 file=moduleA.py:121 resp=52.4 msg='OK'


# Normal
2025-11-24T12:10:06 file=moduleA.py:106 resp=51.2 msg='OK'
2025-11-24T12:10:07 file=moduleB.py:107 resp=52.9 msg='OK'
2025-11-24T12:10:08 file=moduleC.py:108 resp=50.1 msg='OK'

# Medium anomalies
2025-11-24T12:10:09 file=moduleA.py:109 resp=88.5 msg='SLOW RESPONSE'
2025-11-24T12:10:10 file=moduleB.py:110 resp=95.2 msg='HIGH LATENCY'
2025-11-24T12:10:11 file=moduleC.py:111 resp=102.4 msg='DELAY DETECTED'

# Normal
2025-11-24T12:10:12 file=moduleA.py:112 resp=53.1 msg='OK'
2025-11-24T12:10:13 file=moduleB.py:113 resp=54.7 msg='OK'

# Critical spike
2025-11-24T12:10:14 file=moduleC.py:114 resp=950.7 msg='TIMEOUT'
2025-11-24T12:10:15 file=moduleA.py:115 resp=870.2 msg='SERVICE FAILURE'

# Back to normal
2025-11-24T12:10:16 file=moduleB.py:116 resp=51.5 msg='OK'
2025-11-24T12:10:17 file=moduleC.py:117 resp=52.3 msg='OK'

# Medium anomaly repeated
2025-11-24T12:10:18 file=moduleA.py:118 resp=99.3 msg='SLOW QUERY'
2025-11-24T12:10:19 file=moduleB.py:119 resp=105.6 msg='HIGH RESPONSE TIME'

# Normal
2025-11-24T12:10:20 file=moduleC.py:120 resp=50.7 msg='OK'
2025-11-24T12:10:21 file=moduleA.py:121 resp=52.4 msg='OK'

# Critical spike repeated
2025-11-24T12:10:22 file=moduleB.py:122 resp=1200.9 msg='DB TIMEOUT'
2025-11-24T12:10:23 file=moduleC.py:123 resp=1105.8 msg='CACHE FAILURE'
# Critical spike repeated
2025-11-24T12:10:22 file=moduleB.py:122 resp=1200.9 msg='DB TIMEOUT'
2025-11-24T12:10:23 file=moduleC.py:123 resp=1105.8 msg='CACHE FAILURE'
# Critical spike repeated
2025-11-24T12:10:22 file=moduleB.py:122 resp=1200.9 msg='DB TIMEOUT'
2025-11-24T12:10:23 file=moduleC.py:123 resp=1105.8 msg='CACHE FAILURE'
# Normal after anomalies
2025-11-24T12:10:24 file=moduleA.py:124 resp=53.2 msg='OK'
2025-11-24T12:10:25 file=moduleB.py:125 resp=51.8 msg='OK'
2025-11-24T12:10:26 file=moduleC.py:126 resp=55.1 msg='OK'

# Normal after anomalies
2025-11-24T12:10:24 file=moduleA.py:124 resp=53.2 msg='OK'
2025-11-24T12:10:25 file=moduleB.py:125 resp=51.8 msg='OK'
2025-11-24T12:10:26 file=moduleC.py:126 resp=55.1 msg='OK'

# back to normal
2025-11-23T12:00:25 file=module1.py:34 resp=52.8 msg='OK'
2025-11-23T12:00:26 file=module2.py:35 resp=58.1 msg='OK'
2025-11-23T12:00:27 file=module1.py:36 resp=50.9 msg='OK'
2025-11-23T12:00:28 file=module2.py:37 resp=53.1 msg='OK'

# critical spike
2025-11-23T12:00:29 file=module1.py:38 resp=850.3 msg='TIMEOUT'
2025-11-25T12:00:01 file=test.py:10 resp=340 msg='SLOW DB'

# normal again
2025-11-23T12:00:30 file=module2.py:39 resp=50.4 msg='OK'
2025-11-23T12:00:31 file=module1.py:40 resp=49.9 msg='OK'
2025-11-23T12:00:32 file=module2.py:41 resp=52.6 msg='OK'
2025-11-23T12:00:33 file=module2.py:42 resp=56.8 msg='OK'
2025-11-23T12:00:34 file=module1.py:43 resp=58.2 msg='OK'
2025-11-23T12:00:35 file=module2.py:44 resp=55.9 msg='OK'
2025-11-23T12:00:36 file=module1.py:45 resp=51.4 msg='OK'
2025-11-23T12:00:37 file=module2.py:46 resp=49.6 msg='OK'
2025-11-23T12:00:38 file=module1.py:47 resp=53.8 msg='OK'
2025-11-23T12:00:39 file=module2.py:48 resp=52.1 msg='OK'
2025-11-23T12:00:40 file=module2.py:49 resp=58.9 msg='OK'

# repeat 40 more normal lines
2025-11-23T12:00:41 file=module1.py:50 resp=51.9 msg='OK'
2025-11-23T12:00:42 file=module2.py:51 resp=54.3 msg='OK'
2025-11-23T12:00:43 file=module1.py:52 resp=57.6 msg='OK'
2025-11-23T12:00:44 file=module2.py:53 resp=55.4 msg='OK'
2025-11-23T12:00:45 file=module1.py:54 resp=53.2 msg='OK'
2025-11-23T12:00:46 file=module2.py:55 resp=52.7 msg='OK'
2025-11-23T12:00:47 file=module1.py:56 resp=50.9 msg='OK'
2025-11-23T12:00:48 file=module2.py:57 resp=59.4 msg='OK'
2025-11-23T12:00:49 file=module1.py:58 resp=48.8 msg='OK'
2025-11-23T12:00:50 file=module2.py:59 resp=52.3 msg='OK'
2025-11-23T12:00:51 file=module1.py:60 resp=57.1 msg='OK'
2025-11-23T12:00:52 file=module2.py:61 resp=55.3 msg='OK'
2025-11-23T12:00:53 file=module1.py:62 resp=58.6 msg='OK'
2025-11-23T12:00:54 file=module2.py:63 resp=51.9 msg='OK'
2025-11-23T12:00:55 file=module1.py:64 resp=49.3 msg='OK'
2025-11-23T12:00:56 file=module2.py:65 resp=53.6 msg='OK'
2025-11-23T12:00:57 file=module1.py:66 resp=55.8 msg='OK'
2025-11-23T12:00:58 file=module2.py:67 resp=58.2 msg='OK'
2025-11-23T12:00:59 file=module1.py:68 resp=52.1 msg='OK'
2025-11-23T12:01:00 file=module2.py:69 resp=57.9 msg='OK'
2025-11-24T12:10:04 file=moduleC.py:104 resp=220.3 msg='DB DELAY'
2025-11-24T12:10:05 file=moduleC.py:105 resp=340.1 msg='CACHE MISS'
2025-11-24T12:10:01 file=moduleA.py:101 resp=85.4 msg='SLOW RESPONSE'
2025-11-24T12:10:02 file=moduleA.py:102 resp=92.7 msg='SLOW QUERY'
2025-11-24T12:10:03 file=moduleB.py:103 resp=110.9 msg='DELAY DETECTED'
2025-11-24T12:10:01 file=moduleA.py:101 resp=85.4 msg='SLOW RESPONSE'
2025-11-24T12:10:02 file=moduleA.py:102 resp=92.7 msg='SLOW QUERY'
2025-11-24T12:10:03 file=moduleB.py:103 resp=110.9 msg='DELAY DETECTED'
2025-11-26T12:00:50 file=auto.py:10 resp=578 msg='TIMEOUT'
2025-11-26T12:00:42 file=auto.py:10 resp=1097 msg='TIMEOUT'
2025-11-26T12:00:41 file=auto.py:10 resp=346 msg='TIMEOUT'
2025-11-26T12:00:17 file=auto.py:10 resp=208 msg='TIMEOUT'
2025-11-26T12:00:59 file=auto.py:10 resp=1197 msg='TIMEOUT'
2025-11-26T12:00:48 file=auto.py:10 resp=613 msg='TIMEOUT'
2025-11-26T12:00:19 file=auto.py:10 resp=888 msg='TIMEOUT'
2025-11-26T12:00:11 file=auto.py:10 resp=824 msg='TIMEOUT'
2025-11-26T12:00:41 file=auto.py:10 resp=927 msg='TIMEOUT'
2025-11-26T12:00:14 file=auto.py:10 resp=836 msg='TIMEOUT'
2025-11-26T12:00:44 file=auto.py:10 resp=169 msg='SLOW'
2025-11-26T12:00:34 file=auto.py:10 resp=1035 msg='TIMEOUT'
2025-11-26T12:00:55 file=auto.py:10 resp=727 msg='TIMEOUT'
2025-11-26T12:00:11 file=auto.py:10 resp=460 msg='TIMEOUT'
2025-11-26T12:00:22 file=auto.py:10 resp=632 msg='TIMEOUT'
2025-11-26T12:00:58 file=auto.py:10 resp=522 msg='TIMEOUT'
2025-11-26T12:00:45 file=auto.py:10 resp=982 msg='TIMEOUT'
2025-11-26T12:00:33 file=auto.py:10 resp=156 msg='SLOW'
2025-11-26T12:00:45 file=auto.py:10 resp=1047 msg='TIMEOUT'
2025-11-26T12:00:57 file=auto.py:10 resp=222 msg='TIMEOUT'
2025-11-26T12:00:10 file=auto.py:10 resp=589 msg='TIMEOUT'
2025-11-26T12:00:44 file=auto.py:10 resp=83 msg='SLOW'
2025-11-26T12:00:30 file=auto.py:10 resp=157 msg='SLOW'
2025-11-26T12:00:26 file=auto.py:10 resp=654 msg='TIMEOUT'
2025-11-26T12:00:40 file=auto.py:10 resp=271 msg='TIMEOUT'
2025-11-26T12:00:31 file=auto.py:10 resp=323 msg='TIMEOUT'
2025-11-26T12:00:50 file=auto.py:10 resp=211 msg='TIMEOUT'
2025-11-26T12:00:24 file=auto.py:10 resp=598 msg='TIMEOUT'
2025-11-26T12:00:16 file=auto.py:10 resp=832 msg='TIMEOUT'
2025-11-26T12:00:38 file=auto.py:10 resp=1070 msg='TIMEOUT'
2025-11-26T12:00:32 file=auto.py:10 resp=453 msg='TIMEOUT'
2025-11-26T12:00:50 file=auto.py:10 resp=426 msg='TIMEOUT'
2025-11-26T12:00:13 file=auto.py:10 resp=140 msg='SLOW'
2025-11-26T12:00:16 file=auto.py:10 resp=918 msg='TIMEOUT'
2025-11-26T12:00:25 file=auto.py:10 resp=836 msg='TIMEOUT'
2025-11-26T12:00:19 file=auto.py:10 resp=924 msg='TIMEOUT'
2025-11-25T23:06:00 file=sim.py:1 resp=103.4 msg='SLOW RESPONSE'
2025-11-25T23:06:00 file=sim.py:2 resp=97.8 msg='SLOW RESPONSE'
2025-11-25T23:06:01 file=sim.py:3 resp=96.7 msg='SLOW RESPONSE'
2025-11-25T23:06:02 file=sim.py:4 resp=113.0 msg='SLOW RESPONSE'
2025-11-25T23:06:02 file=sim.py:5 resp=49.3 msg='OK'
2025-11-25T23:06:03 file=sim.py:6 resp=58.4 msg='OK'
2025-11-25T23:06:04 file=sim.py:7 resp=50.0 msg='OK'
2025-11-25T23:06:05 file=sim.py:8 resp=55.4 msg='OK'
2025-11-25T23:06:05 file=sim.py:9 resp=90.3 msg='SLOW RESPONSE'
2025-11-25T23:06:06 file=sim.py:10 resp=52.7 msg='OK'
2025-11-25T23:06:07 file=sim.py:11 resp=57.5 msg='OK'
2025-11-25T23:06:07 file=sim.py:12 resp=948.8 msg='TIMEOUT'
2025-11-25T23:06:08 file=sim.py:13 resp=1485.4 msg='TIMEOUT'
2025-11-25T23:06:09 file=sim.py:14 resp=119.9 msg='SLOW RESPONSE'
2025-11-25T23:06:10 file=sim.py:15 resp=50.7 msg='OK'
2025-11-25T23:06:10 file=sim.py:16 resp=56.9 msg='OK'
2025-11-25T23:06:11 file=sim.py:17 resp=802.0 msg='TIMEOUT'
2025-11-25T23:06:12 file=sim.py:18 resp=100.8 msg='SLOW RESPONSE'
2025-11-25T23:06:12 file=sim.py:19 resp=55.5 msg='OK'
2025-11-25T23:06:13 file=sim.py:20 resp=96.1 msg='SLOW RESPONSE'
2025-11-25T23:06:14 file=sim.py:21 resp=87.4 msg='SLOW RESPONSE'
2025-11-25T23:06:14 file=sim.py:22 resp=1073.8 msg='TIMEOUT'
2025-11-25T23:06:15 file=sim.py:23 resp=986.1 msg='TIMEOUT'
2025-11-25T23:06:16 file=sim.py:24 resp=110.9 msg='SLOW RESPONSE'
2025-11-25T23:06:17 file=sim.py:25 resp=56.1 msg='OK'
2025-11-25T23:06:17 file=sim.py:26 resp=58.6 msg='OK'
2025-11-25T23:06:18 file=sim.py:27 resp=58.3 msg='OK'
2025-11-25T23:06:19 file=sim.py:28 resp=57.5 msg='OK'
2025-11-25T23:06:19 file=sim.py:29 resp=85.1 msg='SLOW RESPONSE'
2025-11-25T23:06:20 file=sim.py:30 resp=605.5 msg='TIMEOUT'
2025-11-25T23:06:21 file=sim.py:31 resp=114.9 msg='SLOW RESPONSE'
2025-11-25T23:06:21 file=sim.py:32 resp=58.8 msg='OK'
2025-11-25T23:06:22 file=sim.py:33 resp=113.4 msg='SLOW RESPONSE'
2025-11-25T23:06:23 file=sim.py:34 resp=1145.3 msg='TIMEOUT'
2025-11-25T23:06:24 file=sim.py:35 resp=91.8 msg='SLOW RESPONSE'
2025-11-25T23:06:24 file=sim.py:36 resp=52.0 msg='OK'
2025-11-25T23:06:25 file=sim.py:37 resp=56.2 msg='OK'
2025-11-25T23:06:26 file=sim.py:38 resp=51.1 msg='OK'
2025-11-25T23:06:26 file=sim.py:39 resp=1160.9 msg='TIMEOUT'
2025-11-25T23:06:27 file=sim.py:40 resp=118.8 msg='SLOW RESPONSE'
2025-11-25T23:06:28 file=sim.py:41 resp=996.2 msg='TIMEOUT'
2025-11-25T23:06:28 file=sim.py:42 resp=94.1 msg='SLOW RESPONSE'
2025-11-25T23:13:59 file=sim.py:1 resp=48.0 msg='OK'
2025-11-25T23:13:59 file=sim.py:2 resp=58.7 msg='OK'
2025-11-25T23:14:00 file=sim.py:3 resp=54.8 msg='OK'
2025-11-25T23:14:01 file=sim.py:4 resp=85.0 msg='SLOW RESPONSE'
2025-11-25T23:14:01 file=sim.py:5 resp=55.9 msg='OK'
2025-11-25T23:14:02 file=sim.py:6 resp=58.0 msg='OK'
2025-11-25T23:14:03 file=sim.py:7 resp=93.7 msg='SLOW RESPONSE'
2025-11-25T23:14:04 file=sim.py:8 resp=87.4 msg='SLOW RESPONSE'
2025-11-25T23:14:04 file=sim.py:9 resp=1365.9 msg='TIMEOUT'
2025-11-25T23:14:05 file=sim.py:10 resp=59.7 msg='OK'
2025-11-25T23:14:06 file=sim.py:11 resp=49.2 msg='OK'
2025-11-25T23:14:06 file=sim.py:12 resp=1357.4 msg='TIMEOUT'
2025-11-25T23:14:07 file=sim.py:13 resp=1125.5 msg='TIMEOUT'
2025-11-25T23:14:08 file=sim.py:14 resp=996.3 msg='TIMEOUT'
2025-11-25T23:14:08 file=sim.py:15 resp=59.8 msg='OK'
2025-11-25T23:14:09 file=sim.py:16 resp=688.7 msg='TIMEOUT'
2025-11-25T23:14:10 file=sim.py:17 resp=1042.5 msg='TIMEOUT'
2025-11-25T23:14:11 file=sim.py:18 resp=101.1 msg='SLOW RESPONSE'
2025-11-25T23:14:11 file=sim.py:19 resp=49.6 msg='OK'
2025-11-25T23:14:12 file=sim.py:20 resp=55.3 msg='OK'
2025-11-25T23:14:13 file=sim.py:21 resp=85.0 msg='SLOW RESPONSE'
2025-11-25T23:14:13 file=sim.py:22 resp=1127.1 msg='TIMEOUT'
2025-11-25T23:14:14 file=sim.py:23 resp=48.7 msg='OK'
2025-11-25T23:14:15 file=sim.py:24 resp=87.8 msg='SLOW RESPONSE'
2025-11-25T23:14:16 file=sim.py:25 resp=57.7 msg='OK'
2025-11-25T23:14:16 file=sim.py:26 resp=117.8 msg='SLOW RESPONSE'
2025-11-25T23:14:17 file=sim.py:27 resp=107.7 msg='SLOW RESPONSE'
2025-11-25T23:14:18 file=sim.py:28 resp=49.3 msg='OK'
2025-11-25T23:14:18 file=sim.py:29 resp=1378.2 msg='TIMEOUT'
2025-11-25T23:14:19 file=sim.py:30 resp=824.9 msg='TIMEOUT'
2025-11-25T23:14:20 file=sim.py:31 resp=45.7 msg='OK'
2025-11-25T23:14:20 file=sim.py:32 resp=1452.5 msg='TIMEOUT'
2025-11-25T23:14:21 file=sim.py:33 resp=1149.8 msg='TIMEOUT'
2025-11-25T23:14:22 file=sim.py:34 resp=906.2 msg='TIMEOUT'
2025-11-25T23:14:23 file=sim.py:35 resp=118.1 msg='SLOW RESPONSE'
2025-11-25T23:14:23 file=sim.py:36 resp=95.2 msg='SLOW RESPONSE'
2025-11-25T23:14:24 file=sim.py:37 resp=953.8 msg='TIMEOUT'
2025-11-25T23:14:25 file=sim.py:38 resp=118.7 msg='SLOW RESPONSE'
2025-11-25T23:14:25 file=sim.py:39 resp=117.9 msg='SLOW RESPONSE'
2025-11-25T23:14:26 file=sim.py:40 resp=59.3 msg='OK'
2025-11-25T23:14:27 file=sim.py:41 resp=96.8 msg='SLOW RESPONSE'
2025-11-25T23:14:27 file=sim.py:42 resp=100.6 msg='SLOW RESPONSE'
2025-11-25T23:14:28 file=sim.py:43 resp=860.9 msg='TIMEOUT'
2025-11-25T23:14:29 file=sim.py:44 resp=47.1 msg='OK'
2025-11-25T23:14:30 file=sim.py:45 resp=887.0 msg='TIMEOUT'
2025-11-25T23:14:30 file=sim.py:46 resp=53.3 msg='OK'
2025-11-25T23:14:31 file=sim.py:47 resp=49.8 msg='OK'
2025-11-25T23:14:32 file=sim.py:48 resp=102.7 msg='SLOW RESPONSE'
2025-11-25T23:14:32 file=sim.py:49 resp=892.2 msg='TIMEOUT'
2025-11-25T23:14:33 file=sim.py:50 resp=98.2 msg='SLOW RESPONSE'
2025-11-25T23:14:34 file=sim.py:51 resp=97.3 msg='SLOW RESPONSE'
2025-11-25T23:14:34 file=sim.py:52 resp=94.4 msg='SLOW RESPONSE'
2025-11-25T23:14:35 file=sim.py:53 resp=937.9 msg='TIMEOUT'
2025-11-25T23:14:36 file=sim.py:54 resp=88.0 msg='SLOW RESPONSE'
2025-11-25T23:14:37 file=sim.py:55 resp=1119.7 msg='TIMEOUT'
2025-11-25T23:14:37 file=sim.py:56 resp=51.5 msg='OK'
2025-11-25T23:14:38 file=sim.py:57 resp=53.5 msg='OK'
2025-11-25T23:14:39 file=sim.py:58 resp=1000.8 msg='TIMEOUT'
2025-11-25T23:14:39 file=sim.py:59 resp=93.9 msg='SLOW RESPONSE'
2025-11-25T23:14:40 file=sim.py:60 resp=855.6 msg='TIMEOUT'
2025-11-25T23:14:41 file=sim.py:61 resp=1462.7 msg='TIMEOUT'
2025-11-25T23:14:41 file=sim.py:62 resp=46.1 msg='OK'
2025-11-25T23:14:42 file=sim.py:63 resp=45.5 msg='OK'
2025-11-25T23:14:43 file=sim.py:64 resp=58.8 msg='OK'
2025-11-25T23:14:44 file=sim.py:65 resp=738.9 msg='TIMEOUT'
2025-11-25T23:14:44 file=sim.py:66 resp=85.5 msg='SLOW RESPONSE'
2025-11-25T23:14:45 file=sim.py:67 resp=59.9 msg='OK'
2025-11-25T23:14:46 file=sim.py:68 resp=109.6 msg='SLOW RESPONSE'
2025-11-25T23:14:46 file=sim.py:69 resp=802.1 msg='TIMEOUT'
2025-11-25T23:14:47 file=sim.py:70 resp=88.1 msg='SLOW RESPONSE'
2025-11-25T23:14:48 file=sim.py:71 resp=973.7 msg='TIMEOUT'
2025-11-25T23:14:48 file=sim.py:72 resp=115.0 msg='SLOW RESPONSE'
2025-11-25T23:14:49 file=sim.py:73 resp=51.4 msg='OK'
2025-11-25T23:14:50 file=sim.py:74 resp=115.8 msg='SLOW RESPONSE'
2025-11-25T23:14:51 file=sim.py:75 resp=45.7 msg='OK'
2025-11-25T23:14:51 file=sim.py:76 resp=52.2 msg='OK'
2025-11-25T23:14:52 file=sim.py:77 resp=798.6 msg='TIMEOUT'
2025-11-25T23:14:53 file=sim.py:78 resp=613.5 msg='TIMEOUT'
2025-11-25T23:14:53 file=sim.py:79 resp=104.1 msg='SLOW RESPONSE'
2025-11-25T23:14:54 file=sim.py:80 resp=1408.6 msg='TIMEOUT'
2025-11-25T23:14:55 file=sim.py:81 resp=48.8 msg='OK'
2025-11-25T23:14:55 file=sim.py:82 resp=101.0 msg='SLOW RESPONSE'
2025-11-25T23:14:56 file=sim.py:83 resp=92.8 msg='SLOW RESPONSE'
2025-11-25T23:14:57 file=sim.py:84 resp=58.1 msg='OK'
2025-11-25T23:14:58 file=sim.py:85 resp=1490.5 msg='TIMEOUT'
2025-11-25T23:14:58 file=sim.py:86 resp=88.9 msg='SLOW RESPONSE'
2025-11-25T23:14:59 file=sim.py:87 resp=1484.3 msg='TIMEOUT'
2025-11-25T23:15:00 file=sim.py:88 resp=1430.8 msg='TIMEOUT'
2025-11-25T23:15:00 file=sim.py:89 resp=1361.6 msg='TIMEOUT'
2025-11-25T23:15:01 file=sim.py:90 resp=90.1 msg='SLOW RESPONSE'
2025-11-25T23:15:02 file=sim.py:91 resp=97.4 msg='SLOW RESPONSE'
2025-11-25T23:15:03 file=sim.py:92 resp=58.1 msg='OK'
2025-11-25T23:15:03 file=sim.py:93 resp=103.5 msg='SLOW RESPONSE'
2025-11-25T23:15:04 file=sim.py:94 resp=83.5 msg='SLOW RESPONSE'
2025-11-25T23:15:05 file=sim.py:95 resp=57.8 msg='OK'
2025-11-25T23:15:05 file=sim.py:96 resp=91.9 msg='SLOW RESPONSE'
2025-11-25T23:15:06 file=sim.py:97 resp=1420.6 msg='TIMEOUT'
2025-11-25T23:15:07 file=sim.py:98 resp=103.5 msg='SLOW RESPONSE'
2025-11-25T23:15:07 file=sim.py:99 resp=50.0 msg='OK'
2025-11-25T23:26:35 file=sim.py:1 resp=99.2 msg='SLOW RESPONSE'
2025-11-25T23:26:36 file=sim.py:2 resp=59.6 msg='OK'
2025-11-25T23:26:36 file=sim.py:3 resp=91.9 msg='SLOW RESPONSE'
2025-11-25T23:26:37 file=sim.py:4 resp=1109.2 msg='TIMEOUT'
2025-11-25T23:26:38 file=sim.py:5 resp=55.6 msg='OK'
2025-11-25T23:26:39 file=sim.py:6 resp=1250.9 msg='TIMEOUT'
2025-11-25T23:26:39 file=sim.py:7 resp=876.5 msg='TIMEOUT'
2025-11-25T23:26:40 file=sim.py:8 resp=59.3 msg='OK'
2025-11-25T23:26:41 file=sim.py:9 resp=58.9 msg='OK'
2025-11-25T23:26:41 file=sim.py:10 resp=103.0 msg='SLOW RESPONSE'
2025-11-25T23:26:42 file=sim.py:11 resp=50.9 msg='OK'
2025-11-25T23:26:43 file=sim.py:12 resp=1471.8 msg='TIMEOUT'
2025-11-25T23:26:43 file=sim.py:13 resp=895.3 msg='TIMEOUT'
2025-11-25T23:26:44 file=sim.py:14 resp=85.9 msg='SLOW RESPONSE'
2025-11-25T23:26:45 file=sim.py:15 resp=611.5 msg='TIMEOUT'
2025-11-25T23:26:46 file=sim.py:16 resp=53.9 msg='OK'
2025-11-25T23:26:46 file=sim.py:17 resp=102.8 msg='SLOW RESPONSE'
2025-11-25T23:26:47 file=sim.py:18 resp=49.2 msg='OK'
2025-11-25T23:26:48 file=sim.py:19 resp=99.3 msg='SLOW RESPONSE'
2025-11-25T23:26:48 file=sim.py:20 resp=90.8 msg='SLOW RESPONSE'
2025-11-25T23:26:49 file=sim.py:21 resp=118.0 msg='SLOW RESPONSE'
2025-11-25T23:26:50 file=sim.py:22 resp=86.8 msg='SLOW RESPONSE'
2025-11-25T23:26:50 file=sim.py:23 resp=53.0 msg='OK'
2025-11-25T23:26:51 file=sim.py:24 resp=100.5 msg='SLOW RESPONSE'
2025-11-25T23:26:52 file=sim.py:25 resp=715.1 msg='TIMEOUT'
2025-11-25T23:26:53 file=sim.py:26 resp=110.5 msg='SLOW RESPONSE'
2025-11-25T23:26:53 file=sim.py:27 resp=55.1 msg='OK'
2025-11-25T23:26:54 file=sim.py:28 resp=101.8 msg='SLOW RESPONSE'
2025-11-25T23:26:55 file=sim.py:29 resp=838.2 msg='TIMEOUT'
2025-11-25T23:26:55 file=sim.py:30 resp=55.2 msg='OK'
2025-11-25T23:26:56 file=sim.py:31 resp=57.1 msg='OK'
2025-11-25T23:26:57 file=sim.py:32 resp=56.5 msg='OK'
2025-11-25T23:26:57 file=sim.py:33 resp=82.1 msg='SLOW RESPONSE'
2025-11-25T23:26:58 file=sim.py:34 resp=54.0 msg='OK'
2025-11-25T23:26:59 file=sim.py:35 resp=118.2 msg='SLOW RESPONSE'
2025-11-25T23:27:00 file=sim.py:36 resp=53.4 msg='OK'
2025-11-25T23:27:00 file=sim.py:37 resp=51.7 msg='OK'
2025-11-25T23:27:01 file=sim.py:38 resp=49.1 msg='OK'
2025-11-25T23:27:02 file=sim.py:39 resp=45.9 msg='OK'
2025-11-25T23:27:02 file=sim.py:40 resp=54.2 msg='OK'
2025-11-25T23:27:03 file=sim.py:41 resp=656.3 msg='TIMEOUT'
2025-11-25T23:27:04 file=sim.py:42 resp=970.8 msg='TIMEOUT'
2025-11-25T23:27:04 file=sim.py:43 resp=1015.4 msg='TIMEOUT'
2025-11-25T23:27:05 file=sim.py:44 resp=1270.9 msg='TIMEOUT'
2025-11-25T23:27:06 file=sim.py:45 resp=96.6 msg='SLOW RESPONSE'
2025-11-25T23:27:07 file=sim.py:46 resp=47.0 msg='OK'
2025-11-25T23:27:07 file=sim.py:47 resp=601.4 msg='TIMEOUT'
2025-11-25T23:27:08 file=sim.py:48 resp=849.6 msg='TIMEOUT'
2025-11-25T23:27:09 file=sim.py:49 resp=86.3 msg='SLOW RESPONSE'
2025-11-25T23:27:09 file=sim.py:50 resp=102.4 msg='SLOW RESPONSE'
2025-11-25T23:27:10 file=sim.py:51 resp=87.8 msg='SLOW RESPONSE'
2025-11-25T23:27:11 file=sim.py:52 resp=904.5 msg='TIMEOUT'
2025-11-25T23:27:11 file=sim.py:53 resp=1238.2 msg='TIMEOUT'
2025-11-25T23:27:12 file=sim.py:54 resp=83.6 msg='SLOW RESPONSE'
2025-11-25T23:27:13 file=sim.py:55 resp=1295.5 msg='TIMEOUT'
2025-11-25T23:27:14 file=sim.py:56 resp=1456.3 msg='TIMEOUT'
2025-11-25T23:27:14 file=sim.py:57 resp=46.9 msg='OK'
2025-11-25T23:27:15 file=sim.py:58 resp=94.5 msg='SLOW RESPONSE'
2025-11-25T23:27:16 file=sim.py:59 resp=834.2 msg='TIMEOUT'
2025-11-25T23:27:16 file=sim.py:60 resp=59.6 msg='OK'
2025-11-25T23:27:17 file=sim.py:61 resp=45.4 msg='OK'
2025-11-25T23:27:18 file=sim.py:62 resp=962.0 msg='TIMEOUT'
2025-11-25T23:27:18 file=sim.py:63 resp=54.1 msg='OK'
2025-11-25T23:27:19 file=sim.py:64 resp=655.0 msg='TIMEOUT'
2025-11-25T23:27:20 file=sim.py:65 resp=94.6 msg='SLOW RESPONSE'
2025-11-25T23:27:21 file=sim.py:66 resp=99.7 msg='SLOW RESPONSE'
2025-11-25T23:27:21 file=sim.py:67 resp=869.9 msg='TIMEOUT'
2025-11-25T23:27:22 file=sim.py:68 resp=118.9 msg='SLOW RESPONSE'
2025-11-25T23:27:23 file=sim.py:69 resp=986.6 msg='TIMEOUT'
2025-11-25T23:27:23 file=sim.py:70 resp=53.9 msg='OK'
2025-11-25T23:27:24 file=sim.py:71 resp=1335.4 msg='TIMEOUT'
2025-11-25T23:27:25 file=sim.py:72 resp=94.1 msg='SLOW RESPONSE'
2025-11-25T23:27:26 file=sim.py:73 resp=46.7 msg='OK'
2025-11-25T23:27:26 file=sim.py:74 resp=934.5 msg='TIMEOUT'
2025-11-25T23:27:27 file=sim.py:75 resp=1496.3 msg='TIMEOUT'
2025-11-25T23:27:28 file=sim.py:76 resp=45.7 msg='OK'
2025-11-25T23:27:28 file=sim.py:77 resp=59.5 msg='OK'
2025-11-25T23:27:29 file=sim.py:78 resp=53.0 msg='OK'
2025-11-25T23:27:30 file=sim.py:79 resp=670.1 msg='TIMEOUT'
2025-11-25T23:27:30 file=sim.py:80 resp=725.3 msg='TIMEOUT'
2025-11-25T23:27:31 file=sim.py:81 resp=81.6 msg='SLOW RESPONSE'
2025-11-25T23:27:32 file=sim.py:82 resp=81.7 msg='SLOW RESPONSE'
2025-11-25T23:27:33 file=sim.py:83 resp=106.0 msg='SLOW RESPONSE'
2025-11-25T23:27:33 file=sim.py:84 resp=1208.7 msg='TIMEOUT'
2025-11-25T23:27:34 file=sim.py:85 resp=52.3 msg='OK'
2025-11-25T23:27:35 file=sim.py:86 resp=110.0 msg='SLOW RESPONSE'
2025-11-25T23:27:35 file=sim.py:87 resp=45.9 msg='OK'
2025-11-25T23:27:36 file=sim.py:88 resp=88.3 msg='SLOW RESPONSE'
2025-11-25T23:27:37 file=sim.py:89 resp=944.4 msg='TIMEOUT'
2025-11-25T23:27:37 file=sim.py:90 resp=107.1 msg='SLOW RESPONSE'
2025-11-25T23:27:38 file=sim.py:91 resp=820.9 msg='TIMEOUT'
2025-11-25T23:27:39 file=sim.py:92 resp=47.5 msg='OK'
2025-11-25T23:27:40 file=sim.py:93 resp=816.5 msg='TIMEOUT'
2025-11-25T23:27:40 file=sim.py:94 resp=93.1 msg='SLOW RESPONSE'
2025-11-25T23:27:41 file=sim.py:95 resp=54.2 msg='OK'
2025-11-25T23:27:42 file=sim.py:96 resp=53.3 msg='OK'
2025-11-25T23:27:42 file=sim.py:97 resp=51.9 msg='OK'
2025-11-25T23:27:43 file=sim.py:98 resp=46.6 msg='OK'
2025-11-25T23:27:44 file=sim.py:99 resp=48.1 msg='OK'
2025-11-25T23:27:44 file=sim.py:100 resp=813.4 msg='TIMEOUT'
2025-11-25T23:27:45 file=sim.py:101 resp=91.1 msg='SLOW RESPONSE'
2025-11-25T23:27:46 file=sim.py:102 resp=54.2 msg='OK'
2025-11-25T23:27:47 file=sim.py:103 resp=1380.0 msg='TIMEOUT'
2025-11-25T23:27:47 file=sim.py:104 resp=112.5 msg='SLOW RESPONSE'
2025-11-25T23:27:48 file=sim.py:105 resp=1025.3 msg='TIMEOUT'
2025-11-25T23:27:49 file=sim.py:106 resp=98.9 msg='SLOW RESPONSE'
2025-11-25T23:27:49 file=sim.py:107 resp=55.4 msg='OK'
2025-11-25T23:27:50 file=sim.py:108 resp=941.4 msg='TIMEOUT'
2025-11-25T23:27:51 file=sim.py:109 resp=81.0 msg='SLOW RESPONSE'
2025-11-25T23:27:51 file=sim.py:110 resp=103.4 msg='SLOW RESPONSE'
2025-11-25T23:27:52 file=sim.py:111 resp=52.3 msg='OK'
2025-11-25T23:27:53 file=sim.py:112 resp=1383.6 msg='TIMEOUT'
